<?xml version="1.0" encoding="UTF-8"?>
<!-- Generated by org.testng.reporters.JUnitXMLReporter -->
<testsuite hostname="priya-PC" ignored="0" name="Default test" tests="3" failures="0" timestamp="06 Dec 2017 16:54:34 GMT" time="32.919" errors="0">
  <testcase name="loginPageTitleValidate" time="0.091" classname="com.crmpro.qa.testdata.LoginPageTest"/>
  <testcase name="crmLogoTest" time="0.164" classname="com.crmpro.qa.testdata.LoginPageTest"/>
  <testcase name="loginTest" time="16.598" classname="com.crmpro.qa.testdata.LoginPageTest"/>
</testsuite> <!-- Default test -->
